2023/03/30 18:25:00 logger.go:56: [gop-lsp]socket running ....
2023/03/30 18:29:53 logger.go:56: [gop-lsp]local stat running ....
2023/03/30 18:29:53 logger.go:56: [gop-lsp]Server started ....
2023/03/30 18:29:53 server.go:585: [gop-lsp]Received 1 new requests
2023/03/30 18:29:53 server.go:174: [gop-lsp]Processing 1 requests
2023/03/30 18:29:53 server.go:269: [gop-lsp]Checking request for "initialize": {"processId":99911,"clientInfo":{"name":"Visual Studio Code","version":"1.76.1"},"locale":"zh-cn","rootPath":"/data/work/gop-lsp","rootUri":"file:///data/work/gop-lsp","capabilities":{"workspace":{"applyEdit":true,"workspaceEdit":{"documentChanges":true,"resourceOperations":["create","rename","delete"],"failureHandling":"textOnlyTransactional","normalizesLineEndings":true,"changeAnnotationSupport":{"groupsOnLabel":true}},"didChangeConfiguration":{"dynamicRegistration":true},"didChangeWatchedFiles":{"dynamicRegistration":true},"symbol":{"dynamicRegistration":true,"symbolKind":{"valueSet":[1,2,3,4,5,6,7,8,9,10,11,12,13,14,15,16,17,18,19,20,21,22,23,24,25,26]},"tagSupport":{"valueSet":[1]}},"codeLens":{"refreshSupport":true},"executeCommand":{"dynamicRegistration":true},"configuration":true,"workspaceFolders":true,"semanticTokens":{"refreshSupport":true},"fileOperations":{"dynamicRegistration":true,"didCreate":true,"didRename":true,"didDelete":true,"willCreate":true,"willRename":true,"willDelete":true}},"textDocument":{"publishDiagnostics":{"relatedInformation":true,"versionSupport":false,"tagSupport":{"valueSet":[1,2]},"codeDescriptionSupport":true,"dataSupport":true},"synchronization":{"dynamicRegistration":true,"willSave":true,"willSaveWaitUntil":true,"didSave":true},"completion":{"dynamicRegistration":true,"contextSupport":true,"completionItem":{"snippetSupport":true,"commitCharactersSupport":true,"documentationFormat":["markdown","plaintext"],"deprecatedSupport":true,"preselectSupport":true,"tagSupport":{"valueSet":[1]},"insertReplaceSupport":true,"resolveSupport":{"properties":["documentation","detail","additionalTextEdits"]},"insertTextModeSupport":{"valueSet":[1,2]}},"completionItemKind":{"valueSet":[1,2,3,4,5,6,7,8,9,10,11,12,13,14,15,16,17,18,19,20,21,22,23,24,25]}},"hover":{"dynamicRegistration":true,"contentFormat":["markdown","plaintext"]},"signatureHelp":{"dynamicRegistration":true,"signatureInformation":{"documentationFormat":["markdown","plaintext"],"parameterInformation":{"labelOffsetSupport":true},"activeParameterSupport":true},"contextSupport":true},"definition":{"dynamicRegistration":true,"linkSupport":true},"references":{"dynamicRegistration":true},"documentHighlight":{"dynamicRegistration":true},"documentSymbol":{"dynamicRegistration":true,"symbolKind":{"valueSet":[1,2,3,4,5,6,7,8,9,10,11,12,13,14,15,16,17,18,19,20,21,22,23,24,25,26]},"hierarchicalDocumentSymbolSupport":true,"tagSupport":{"valueSet":[1]},"labelSupport":true},"codeAction":{"dynamicRegistration":true,"isPreferredSupport":true,"disabledSupport":true,"dataSupport":true,"resolveSupport":{"properties":["edit"]},"codeActionLiteralSupport":{"codeActionKind":{"valueSet":["","quickfix","refactor","refactor.extract","refactor.inline","refactor.rewrite","source","source.organizeImports"]}},"honorsChangeAnnotations":false},"codeLens":{"dynamicRegistration":true},"formatting":{"dynamicRegistration":true},"rangeFormatting":{"dynamicRegistration":true},"onTypeFormatting":{"dynamicRegistration":true},"rename":{"dynamicRegistration":true,"prepareSupport":true,"prepareSupportDefaultBehavior":1,"honorsChangeAnnotations":true},"documentLink":{"dynamicRegistration":true,"tooltipSupport":true},"typeDefinition":{"dynamicRegistration":true,"linkSupport":true},"implementation":{"dynamicRegistration":true,"linkSupport":true},"colorProvider":{"dynamicRegistration":true},"foldingRange":{"dynamicRegistration":true,"rangeLimit":5000,"lineFoldingOnly":true},"declaration":{"dynamicRegistration":true,"linkSupport":true},"selectionRange":{"dynamicRegistration":true},"callHierarchy":{"dynamicRegistration":true},"semanticTokens":{"dynamicRegistration":true,"tokenTypes":["namespace","type","class","enum","interface","struct","typeParameter","parameter","variable","property","enumMember","event","function","method","macro","keyword","modifier","comment","string","number","regexp","operator"],"tokenModifiers":["declaration","definition","readonly","static","deprecated","abstract","async","modification","documentation","defaultLibrary"],"formats":["relative"],"requests":{"range":true,"full":{"delta":true}},"multilineTokenSupport":false,"overlappingTokenSupport":false},"linkedEditingRange":{"dynamicRegistration":true}},"window":{"showMessage":{"messageActionItem":{"additionalPropertiesSupport":true}},"showDocument":{"support":true},"workDoneProgress":true},"general":{"regularExpressions":{"engine":"ECMAScript","version":"ES2020"},"markdown":{"parser":"marked","version":"1.1.0"}}},"trace":"off","workspaceFolders":[{"uri":"file:///data/work/gop-lsp","name":"gop-lsp"}]}
2023/03/30 18:29:53 server.go:250: [gop-lsp]Completed 1 requests [9.993242ms elapsed]
2023/03/30 18:30:30 server.go:585: [gop-lsp]Received 1 new requests
2023/03/30 18:30:30 server.go:174: [gop-lsp]Processing 1 requests
2023/03/30 18:30:30 server.go:269: [gop-lsp]Checking request for "shutdown": 
2023/03/30 18:30:30 logger.go:56: [gop-lsp]Shutdown
2023/03/30 18:30:30 server.go:250: [gop-lsp]Completed 1 requests [515.406µs elapsed]
2023/03/30 18:30:35 server.go:511: [gop-lsp]Server signaled to stop with err=EOF
2023/03/30 18:30:47 logger.go:56: [gop-lsp]local stat running ....
2023/03/30 18:30:47 logger.go:56: [gop-lsp]Server started ....
2023/03/30 18:30:47 server.go:585: [gop-lsp]Received 1 new requests
2023/03/30 18:30:47 server.go:174: [gop-lsp]Processing 1 requests
2023/03/30 18:30:47 server.go:269: [gop-lsp]Checking request for "initialize": {"processId":100498,"clientInfo":{"name":"Visual Studio Code","version":"1.76.1"},"locale":"zh-cn","rootPath":"/data/work/gop-lsp","rootUri":"file:///data/work/gop-lsp","capabilities":{"workspace":{"applyEdit":true,"workspaceEdit":{"documentChanges":true,"resourceOperations":["create","rename","delete"],"failureHandling":"textOnlyTransactional","normalizesLineEndings":true,"changeAnnotationSupport":{"groupsOnLabel":true}},"didChangeConfiguration":{"dynamicRegistration":true},"didChangeWatchedFiles":{"dynamicRegistration":true},"symbol":{"dynamicRegistration":true,"symbolKind":{"valueSet":[1,2,3,4,5,6,7,8,9,10,11,12,13,14,15,16,17,18,19,20,21,22,23,24,25,26]},"tagSupport":{"valueSet":[1]}},"codeLens":{"refreshSupport":true},"executeCommand":{"dynamicRegistration":true},"configuration":true,"workspaceFolders":true,"semanticTokens":{"refreshSupport":true},"fileOperations":{"dynamicRegistration":true,"didCreate":true,"didRename":true,"didDelete":true,"willCreate":true,"willRename":true,"willDelete":true}},"textDocument":{"publishDiagnostics":{"relatedInformation":true,"versionSupport":false,"tagSupport":{"valueSet":[1,2]},"codeDescriptionSupport":true,"dataSupport":true},"synchronization":{"dynamicRegistration":true,"willSave":true,"willSaveWaitUntil":true,"didSave":true},"completion":{"dynamicRegistration":true,"contextSupport":true,"completionItem":{"snippetSupport":true,"commitCharactersSupport":true,"documentationFormat":["markdown","plaintext"],"deprecatedSupport":true,"preselectSupport":true,"tagSupport":{"valueSet":[1]},"insertReplaceSupport":true,"resolveSupport":{"properties":["documentation","detail","additionalTextEdits"]},"insertTextModeSupport":{"valueSet":[1,2]}},"completionItemKind":{"valueSet":[1,2,3,4,5,6,7,8,9,10,11,12,13,14,15,16,17,18,19,20,21,22,23,24,25]}},"hover":{"dynamicRegistration":true,"contentFormat":["markdown","plaintext"]},"signatureHelp":{"dynamicRegistration":true,"signatureInformation":{"documentationFormat":["markdown","plaintext"],"parameterInformation":{"labelOffsetSupport":true},"activeParameterSupport":true},"contextSupport":true},"definition":{"dynamicRegistration":true,"linkSupport":true},"references":{"dynamicRegistration":true},"documentHighlight":{"dynamicRegistration":true},"documentSymbol":{"dynamicRegistration":true,"symbolKind":{"valueSet":[1,2,3,4,5,6,7,8,9,10,11,12,13,14,15,16,17,18,19,20,21,22,23,24,25,26]},"hierarchicalDocumentSymbolSupport":true,"tagSupport":{"valueSet":[1]},"labelSupport":true},"codeAction":{"dynamicRegistration":true,"isPreferredSupport":true,"disabledSupport":true,"dataSupport":true,"resolveSupport":{"properties":["edit"]},"codeActionLiteralSupport":{"codeActionKind":{"valueSet":["","quickfix","refactor","refactor.extract","refactor.inline","refactor.rewrite","source","source.organizeImports"]}},"honorsChangeAnnotations":false},"codeLens":{"dynamicRegistration":true},"formatting":{"dynamicRegistration":true},"rangeFormatting":{"dynamicRegistration":true},"onTypeFormatting":{"dynamicRegistration":true},"rename":{"dynamicRegistration":true,"prepareSupport":true,"prepareSupportDefaultBehavior":1,"honorsChangeAnnotations":true},"documentLink":{"dynamicRegistration":true,"tooltipSupport":true},"typeDefinition":{"dynamicRegistration":true,"linkSupport":true},"implementation":{"dynamicRegistration":true,"linkSupport":true},"colorProvider":{"dynamicRegistration":true},"foldingRange":{"dynamicRegistration":true,"rangeLimit":5000,"lineFoldingOnly":true},"declaration":{"dynamicRegistration":true,"linkSupport":true},"selectionRange":{"dynamicRegistration":true},"callHierarchy":{"dynamicRegistration":true},"semanticTokens":{"dynamicRegistration":true,"tokenTypes":["namespace","type","class","enum","interface","struct","typeParameter","parameter","variable","property","enumMember","event","function","method","macro","keyword","modifier","comment","string","number","regexp","operator"],"tokenModifiers":["declaration","definition","readonly","static","deprecated","abstract","async","modification","documentation","defaultLibrary"],"formats":["relative"],"requests":{"range":true,"full":{"delta":true}},"multilineTokenSupport":false,"overlappingTokenSupport":false},"linkedEditingRange":{"dynamicRegistration":true}},"window":{"showMessage":{"messageActionItem":{"additionalPropertiesSupport":true}},"showDocument":{"support":true},"workDoneProgress":true},"general":{"regularExpressions":{"engine":"ECMAScript","version":"ES2020"},"markdown":{"parser":"marked","version":"1.1.0"}}},"trace":"off","workspaceFolders":[{"uri":"file:///data/work/gop-lsp","name":"gop-lsp"}]}
2023/03/30 18:30:47 server.go:250: [gop-lsp]Completed 1 requests [1.076092ms elapsed]
2023/03/30 18:46:49 server.go:585: [gop-lsp]Received 1 new requests
2023/03/30 18:46:49 server.go:174: [gop-lsp]Processing 1 requests
2023/03/30 18:46:49 server.go:269: [gop-lsp]Checking request for "shutdown": 
2023/03/30 18:46:49 logger.go:56: [gop-lsp]Shutdown
2023/03/30 18:46:49 server.go:250: [gop-lsp]Completed 1 requests [535.243µs elapsed]
2023/03/30 18:46:54 server.go:511: [gop-lsp]Server signaled to stop with err=EOF
2023/03/30 18:47:02 logger.go:56: [gop-lsp]local stat running ....
2023/03/30 18:47:02 logger.go:56: [gop-lsp]Server started ....
2023/03/30 18:47:02 server.go:585: [gop-lsp]Received 1 new requests
2023/03/30 18:47:02 server.go:174: [gop-lsp]Processing 1 requests
2023/03/30 18:47:02 server.go:269: [gop-lsp]Checking request for "initialize": {"processId":101662,"clientInfo":{"name":"Visual Studio Code","version":"1.76.1"},"locale":"zh-cn","rootPath":"/data/work/gop-lsp","rootUri":"file:///data/work/gop-lsp","capabilities":{"workspace":{"applyEdit":true,"workspaceEdit":{"documentChanges":true,"resourceOperations":["create","rename","delete"],"failureHandling":"textOnlyTransactional","normalizesLineEndings":true,"changeAnnotationSupport":{"groupsOnLabel":true}},"didChangeConfiguration":{"dynamicRegistration":true},"didChangeWatchedFiles":{"dynamicRegistration":true},"symbol":{"dynamicRegistration":true,"symbolKind":{"valueSet":[1,2,3,4,5,6,7,8,9,10,11,12,13,14,15,16,17,18,19,20,21,22,23,24,25,26]},"tagSupport":{"valueSet":[1]}},"codeLens":{"refreshSupport":true},"executeCommand":{"dynamicRegistration":true},"configuration":true,"workspaceFolders":true,"semanticTokens":{"refreshSupport":true},"fileOperations":{"dynamicRegistration":true,"didCreate":true,"didRename":true,"didDelete":true,"willCreate":true,"willRename":true,"willDelete":true}},"textDocument":{"publishDiagnostics":{"relatedInformation":true,"versionSupport":false,"tagSupport":{"valueSet":[1,2]},"codeDescriptionSupport":true,"dataSupport":true},"synchronization":{"dynamicRegistration":true,"willSave":true,"willSaveWaitUntil":true,"didSave":true},"completion":{"dynamicRegistration":true,"contextSupport":true,"completionItem":{"snippetSupport":true,"commitCharactersSupport":true,"documentationFormat":["markdown","plaintext"],"deprecatedSupport":true,"preselectSupport":true,"tagSupport":{"valueSet":[1]},"insertReplaceSupport":true,"resolveSupport":{"properties":["documentation","detail","additionalTextEdits"]},"insertTextModeSupport":{"valueSet":[1,2]}},"completionItemKind":{"valueSet":[1,2,3,4,5,6,7,8,9,10,11,12,13,14,15,16,17,18,19,20,21,22,23,24,25]}},"hover":{"dynamicRegistration":true,"contentFormat":["markdown","plaintext"]},"signatureHelp":{"dynamicRegistration":true,"signatureInformation":{"documentationFormat":["markdown","plaintext"],"parameterInformation":{"labelOffsetSupport":true},"activeParameterSupport":true},"contextSupport":true},"definition":{"dynamicRegistration":true,"linkSupport":true},"references":{"dynamicRegistration":true},"documentHighlight":{"dynamicRegistration":true},"documentSymbol":{"dynamicRegistration":true,"symbolKind":{"valueSet":[1,2,3,4,5,6,7,8,9,10,11,12,13,14,15,16,17,18,19,20,21,22,23,24,25,26]},"hierarchicalDocumentSymbolSupport":true,"tagSupport":{"valueSet":[1]},"labelSupport":true},"codeAction":{"dynamicRegistration":true,"isPreferredSupport":true,"disabledSupport":true,"dataSupport":true,"resolveSupport":{"properties":["edit"]},"codeActionLiteralSupport":{"codeActionKind":{"valueSet":["","quickfix","refactor","refactor.extract","refactor.inline","refactor.rewrite","source","source.organizeImports"]}},"honorsChangeAnnotations":false},"codeLens":{"dynamicRegistration":true},"formatting":{"dynamicRegistration":true},"rangeFormatting":{"dynamicRegistration":true},"onTypeFormatting":{"dynamicRegistration":true},"rename":{"dynamicRegistration":true,"prepareSupport":true,"prepareSupportDefaultBehavior":1,"honorsChangeAnnotations":true},"documentLink":{"dynamicRegistration":true,"tooltipSupport":true},"typeDefinition":{"dynamicRegistration":true,"linkSupport":true},"implementation":{"dynamicRegistration":true,"linkSupport":true},"colorProvider":{"dynamicRegistration":true},"foldingRange":{"dynamicRegistration":true,"rangeLimit":5000,"lineFoldingOnly":true},"declaration":{"dynamicRegistration":true,"linkSupport":true},"selectionRange":{"dynamicRegistration":true},"callHierarchy":{"dynamicRegistration":true},"semanticTokens":{"dynamicRegistration":true,"tokenTypes":["namespace","type","class","enum","interface","struct","typeParameter","parameter","variable","property","enumMember","event","function","method","macro","keyword","modifier","comment","string","number","regexp","operator"],"tokenModifiers":["declaration","definition","readonly","static","deprecated","abstract","async","modification","documentation","defaultLibrary"],"formats":["relative"],"requests":{"range":true,"full":{"delta":true}},"multilineTokenSupport":false,"overlappingTokenSupport":false},"linkedEditingRange":{"dynamicRegistration":true}},"window":{"showMessage":{"messageActionItem":{"additionalPropertiesSupport":true}},"showDocument":{"support":true},"workDoneProgress":true},"general":{"regularExpressions":{"engine":"ECMAScript","version":"ES2020"},"markdown":{"parser":"marked","version":"1.1.0"}}},"trace":"off","workspaceFolders":[{"uri":"file:///data/work/gop-lsp","name":"gop-lsp"}]}
2023/03/30 18:47:02 server.go:250: [gop-lsp]Completed 1 requests [1.738265ms elapsed]
2023/03/30 19:00:32 server.go:585: [gop-lsp]Received 1 new requests
2023/03/30 19:00:32 server.go:174: [gop-lsp]Processing 1 requests
2023/03/30 19:00:32 server.go:269: [gop-lsp]Checking request for "shutdown": 
2023/03/30 19:00:32 logger.go:56: [gop-lsp]Shutdown
2023/03/30 19:00:32 server.go:250: [gop-lsp]Completed 1 requests [98.272µs elapsed]
2023/03/30 19:00:37 server.go:511: [gop-lsp]Server signaled to stop with err=EOF
2023/03/30 19:03:59 logger.go:56: [gop-lsp]local stat running ....
2023/03/30 19:03:59 logger.go:56: [gop-lsp]Server started ....
2023/03/30 19:03:59 server.go:585: [gop-lsp]Received 1 new requests
2023/03/30 19:03:59 server.go:174: [gop-lsp]Processing 1 requests
2023/03/30 19:03:59 server.go:269: [gop-lsp]Checking request for "initialize": {"processId":103627,"clientInfo":{"name":"Visual Studio Code","version":"1.76.1"},"locale":"zh-cn","rootPath":"/data/work/gop-lsp","rootUri":"file:///data/work/gop-lsp","capabilities":{"workspace":{"applyEdit":true,"workspaceEdit":{"documentChanges":true,"resourceOperations":["create","rename","delete"],"failureHandling":"textOnlyTransactional","normalizesLineEndings":true,"changeAnnotationSupport":{"groupsOnLabel":true}},"didChangeConfiguration":{"dynamicRegistration":true},"didChangeWatchedFiles":{"dynamicRegistration":true},"symbol":{"dynamicRegistration":true,"symbolKind":{"valueSet":[1,2,3,4,5,6,7,8,9,10,11,12,13,14,15,16,17,18,19,20,21,22,23,24,25,26]},"tagSupport":{"valueSet":[1]}},"codeLens":{"refreshSupport":true},"executeCommand":{"dynamicRegistration":true},"configuration":true,"workspaceFolders":true,"semanticTokens":{"refreshSupport":true},"fileOperations":{"dynamicRegistration":true,"didCreate":true,"didRename":true,"didDelete":true,"willCreate":true,"willRename":true,"willDelete":true}},"textDocument":{"publishDiagnostics":{"relatedInformation":true,"versionSupport":false,"tagSupport":{"valueSet":[1,2]},"codeDescriptionSupport":true,"dataSupport":true},"synchronization":{"dynamicRegistration":true,"willSave":true,"willSaveWaitUntil":true,"didSave":true},"completion":{"dynamicRegistration":true,"contextSupport":true,"completionItem":{"snippetSupport":true,"commitCharactersSupport":true,"documentationFormat":["markdown","plaintext"],"deprecatedSupport":true,"preselectSupport":true,"tagSupport":{"valueSet":[1]},"insertReplaceSupport":true,"resolveSupport":{"properties":["documentation","detail","additionalTextEdits"]},"insertTextModeSupport":{"valueSet":[1,2]}},"completionItemKind":{"valueSet":[1,2,3,4,5,6,7,8,9,10,11,12,13,14,15,16,17,18,19,20,21,22,23,24,25]}},"hover":{"dynamicRegistration":true,"contentFormat":["markdown","plaintext"]},"signatureHelp":{"dynamicRegistration":true,"signatureInformation":{"documentationFormat":["markdown","plaintext"],"parameterInformation":{"labelOffsetSupport":true},"activeParameterSupport":true},"contextSupport":true},"definition":{"dynamicRegistration":true,"linkSupport":true},"references":{"dynamicRegistration":true},"documentHighlight":{"dynamicRegistration":true},"documentSymbol":{"dynamicRegistration":true,"symbolKind":{"valueSet":[1,2,3,4,5,6,7,8,9,10,11,12,13,14,15,16,17,18,19,20,21,22,23,24,25,26]},"hierarchicalDocumentSymbolSupport":true,"tagSupport":{"valueSet":[1]},"labelSupport":true},"codeAction":{"dynamicRegistration":true,"isPreferredSupport":true,"disabledSupport":true,"dataSupport":true,"resolveSupport":{"properties":["edit"]},"codeActionLiteralSupport":{"codeActionKind":{"valueSet":["","quickfix","refactor","refactor.extract","refactor.inline","refactor.rewrite","source","source.organizeImports"]}},"honorsChangeAnnotations":false},"codeLens":{"dynamicRegistration":true},"formatting":{"dynamicRegistration":true},"rangeFormatting":{"dynamicRegistration":true},"onTypeFormatting":{"dynamicRegistration":true},"rename":{"dynamicRegistration":true,"prepareSupport":true,"prepareSupportDefaultBehavior":1,"honorsChangeAnnotations":true},"documentLink":{"dynamicRegistration":true,"tooltipSupport":true},"typeDefinition":{"dynamicRegistration":true,"linkSupport":true},"implementation":{"dynamicRegistration":true,"linkSupport":true},"colorProvider":{"dynamicRegistration":true},"foldingRange":{"dynamicRegistration":true,"rangeLimit":5000,"lineFoldingOnly":true},"declaration":{"dynamicRegistration":true,"linkSupport":true},"selectionRange":{"dynamicRegistration":true},"callHierarchy":{"dynamicRegistration":true},"semanticTokens":{"dynamicRegistration":true,"tokenTypes":["namespace","type","class","enum","interface","struct","typeParameter","parameter","variable","property","enumMember","event","function","method","macro","keyword","modifier","comment","string","number","regexp","operator"],"tokenModifiers":["declaration","definition","readonly","static","deprecated","abstract","async","modification","documentation","defaultLibrary"],"formats":["relative"],"requests":{"range":true,"full":{"delta":true}},"multilineTokenSupport":false,"overlappingTokenSupport":false},"linkedEditingRange":{"dynamicRegistration":true}},"window":{"showMessage":{"messageActionItem":{"additionalPropertiesSupport":true}},"showDocument":{"support":true},"workDoneProgress":true},"general":{"regularExpressions":{"engine":"ECMAScript","version":"ES2020"},"markdown":{"parser":"marked","version":"1.1.0"}}},"trace":"off","workspaceFolders":[{"uri":"file:///data/work/gop-lsp","name":"gop-lsp"}]}
2023/03/30 19:03:59 logger.go:56: [gop-lsp]test init
2023/03/30 19:03:59 server.go:250: [gop-lsp]Completed 1 requests [1.507662ms elapsed]
2023/03/30 19:03:59 server.go:585: [gop-lsp]Received 1 new requests
2023/03/30 19:03:59 server.go:174: [gop-lsp]Processing 1 requests
2023/03/30 19:03:59 server.go:269: [gop-lsp]Checking request for "initialized": {}
2023/03/30 19:03:59 logger.go:56: [gop-lsp]Initialized
2023/03/30 19:04:36 server.go:585: [gop-lsp]Received 1 new requests
2023/03/30 19:04:36 server.go:174: [gop-lsp]Processing 1 requests
2023/03/30 19:04:36 server.go:269: [gop-lsp]Checking request for "textDocument/didOpen": {"textDocument":{"uri":"file:///data/work/gop-lsp/testdata/project/test.gop","languageId":"gop","version":1,"text":"func test()  {\n\t\n}\n\nfunc testN(){\n\ttest()\n}"}}
2023/03/30 19:04:36 logger.go:56: [gop-lsp]Open
2023/03/30 19:04:36 server.go:585: [gop-lsp]Received 1 new requests
2023/03/30 19:04:36 server.go:174: [gop-lsp]Processing 1 requests
2023/03/30 19:04:36 server.go:269: [gop-lsp]Checking request for "textDocument/documentLink": {"textDocument":{"uri":"file:///data/work/gop-lsp/testdata/project/test.gop"}}
2023/03/30 19:04:36 server.go:301: [gop-lsp]Task error: [-32601] no such method "textDocument/documentLink"
2023/03/30 19:04:36 server.go:250: [gop-lsp]Completed 1 requests [60.166µs elapsed]
2023/03/30 19:04:36 server.go:585: [gop-lsp]Received 1 new requests
2023/03/30 19:04:36 server.go:174: [gop-lsp]Processing 1 requests
2023/03/30 19:04:36 server.go:269: [gop-lsp]Checking request for "textDocument/codeLens": {"textDocument":{"uri":"file:///data/work/gop-lsp/testdata/project/test.gop"}}
2023/03/30 19:04:36 server.go:301: [gop-lsp]Task error: [-32601] no such method "textDocument/codeLens"
2023/03/30 19:04:36 server.go:250: [gop-lsp]Completed 1 requests [38.018µs elapsed]
2023/03/30 19:04:36 server.go:585: [gop-lsp]Received 1 new requests
2023/03/30 19:04:36 server.go:174: [gop-lsp]Processing 1 requests
2023/03/30 19:04:36 server.go:269: [gop-lsp]Checking request for "textDocument/didOpen": {"textDocument":{"uri":"file:///data/work/gop-lsp/testdata/project/tst.gop","languageId":"gop","version":1,"text":""}}
2023/03/30 19:04:36 logger.go:56: [gop-lsp]Open
2023/03/30 19:04:36 server.go:585: [gop-lsp]Received 1 new requests
2023/03/30 19:04:36 server.go:174: [gop-lsp]Processing 1 requests
2023/03/30 19:04:36 server.go:269: [gop-lsp]Checking request for "textDocument/documentLink": {"textDocument":{"uri":"file:///data/work/gop-lsp/testdata/project/tst.gop"}}
2023/03/30 19:04:36 server.go:301: [gop-lsp]Task error: [-32601] no such method "textDocument/documentLink"
2023/03/30 19:04:36 server.go:250: [gop-lsp]Completed 1 requests [21.635µs elapsed]
2023/03/30 19:04:37 server.go:585: [gop-lsp]Received 1 new requests
2023/03/30 19:04:37 server.go:174: [gop-lsp]Processing 1 requests
2023/03/30 19:04:37 server.go:269: [gop-lsp]Checking request for "textDocument/codeLens": {"textDocument":{"uri":"file:///data/work/gop-lsp/testdata/project/tst.gop"}}
2023/03/30 19:04:37 server.go:301: [gop-lsp]Task error: [-32601] no such method "textDocument/codeLens"
2023/03/30 19:04:37 server.go:250: [gop-lsp]Completed 1 requests [35.464µs elapsed]
2023/03/30 19:04:45 server.go:585: [gop-lsp]Received 1 new requests
2023/03/30 19:04:45 server.go:174: [gop-lsp]Processing 1 requests
2023/03/30 19:04:45 server.go:269: [gop-lsp]Checking request for "textDocument/documentLink": {"textDocument":{"uri":"file:///data/work/gop-lsp/testdata/project/test.gop"}}
2023/03/30 19:04:45 server.go:301: [gop-lsp]Task error: [-32601] no such method "textDocument/documentLink"
2023/03/30 19:04:45 server.go:250: [gop-lsp]Completed 1 requests [72.41µs elapsed]
2023/03/30 19:04:45 server.go:585: [gop-lsp]Received 1 new requests
2023/03/30 19:04:45 server.go:174: [gop-lsp]Processing 1 requests
2023/03/30 19:04:45 server.go:269: [gop-lsp]Checking request for "textDocument/codeLens": {"textDocument":{"uri":"file:///data/work/gop-lsp/testdata/project/test.gop"}}
2023/03/30 19:04:45 server.go:301: [gop-lsp]Task error: [-32601] no such method "textDocument/codeLens"
2023/03/30 19:04:45 server.go:250: [gop-lsp]Completed 1 requests [22.292µs elapsed]
2023/03/30 19:04:48 server.go:585: [gop-lsp]Received 1 new requests
2023/03/30 19:04:48 server.go:174: [gop-lsp]Processing 1 requests
2023/03/30 19:04:48 server.go:269: [gop-lsp]Checking request for "textDocument/codeLens": {"textDocument":{"uri":"file:///data/work/gop-lsp/testdata/project/test.gop"}}
2023/03/30 19:04:48 server.go:301: [gop-lsp]Task error: [-32601] no such method "textDocument/codeLens"
2023/03/30 19:04:48 server.go:250: [gop-lsp]Completed 1 requests [76.386µs elapsed]
2023/03/30 19:05:12 server.go:585: [gop-lsp]Received 1 new requests
2023/03/30 19:05:12 server.go:174: [gop-lsp]Processing 1 requests
2023/03/30 19:05:12 server.go:269: [gop-lsp]Checking request for "textDocument/documentLink": {"textDocument":{"uri":"file:///data/work/gop-lsp/testdata/project/tst.gop"}}
2023/03/30 19:05:12 server.go:301: [gop-lsp]Task error: [-32601] no such method "textDocument/documentLink"
2023/03/30 19:05:12 server.go:250: [gop-lsp]Completed 1 requests [30.462µs elapsed]
2023/03/30 19:05:13 server.go:585: [gop-lsp]Received 1 new requests
2023/03/30 19:05:13 server.go:174: [gop-lsp]Processing 1 requests
2023/03/30 19:05:13 server.go:269: [gop-lsp]Checking request for "textDocument/codeLens": {"textDocument":{"uri":"file:///data/work/gop-lsp/testdata/project/tst.gop"}}
2023/03/30 19:05:13 server.go:301: [gop-lsp]Task error: [-32601] no such method "textDocument/codeLens"
2023/03/30 19:05:13 server.go:250: [gop-lsp]Completed 1 requests [29.16µs elapsed]
2023/03/30 19:05:14 server.go:585: [gop-lsp]Received 1 new requests
2023/03/30 19:05:14 server.go:174: [gop-lsp]Processing 1 requests
2023/03/30 19:05:14 server.go:269: [gop-lsp]Checking request for "textDocument/didClose": {"textDocument":{"uri":"file:///data/work/gop-lsp/testdata/project/tst.gop"}}
2023/03/31 14:38:18 server.go:585: [gop-lsp]Received 1 new requests
2023/03/31 14:38:18 server.go:174: [gop-lsp]Processing 1 requests
2023/03/31 14:38:18 server.go:269: [gop-lsp]Checking request for "textDocument/didOpen": {"textDocument":{"uri":"file:///data/work/gop-lsp/testdata/project/tst.gop","languageId":"gop","version":1,"text":""}}
2023/03/31 14:38:18 logger.go:56: [gop-lsp]Open
2023/03/31 14:38:18 server.go:585: [gop-lsp]Received 1 new requests
2023/03/31 14:38:18 server.go:174: [gop-lsp]Processing 1 requests
2023/03/31 14:38:18 server.go:269: [gop-lsp]Checking request for "textDocument/documentLink": {"textDocument":{"uri":"file:///data/work/gop-lsp/testdata/project/tst.gop"}}
2023/03/31 14:38:18 server.go:301: [gop-lsp]Task error: [-32601] no such method "textDocument/documentLink"
2023/03/31 14:38:18 server.go:250: [gop-lsp]Completed 1 requests [25.321µs elapsed]
2023/03/31 14:38:18 server.go:585: [gop-lsp]Received 1 new requests
2023/03/31 14:38:18 server.go:174: [gop-lsp]Processing 1 requests
2023/03/31 14:38:18 server.go:269: [gop-lsp]Checking request for "textDocument/codeLens": {"textDocument":{"uri":"file:///data/work/gop-lsp/testdata/project/tst.gop"}}
2023/03/31 14:38:18 server.go:301: [gop-lsp]Task error: [-32601] no such method "textDocument/codeLens"
2023/03/31 14:38:18 server.go:250: [gop-lsp]Completed 1 requests [22.361µs elapsed]
2023/03/31 14:38:26 server.go:585: [gop-lsp]Received 1 new requests
2023/03/31 14:38:26 server.go:174: [gop-lsp]Processing 1 requests
2023/03/31 14:38:26 server.go:269: [gop-lsp]Checking request for "textDocument/didClose": {"textDocument":{"uri":"file:///data/work/gop-lsp/testdata/project/tst.gop"}}
2023/03/31 15:04:55 server.go:585: [gop-lsp]Received 1 new requests
2023/03/31 15:04:55 server.go:174: [gop-lsp]Processing 1 requests
2023/03/31 15:04:55 server.go:269: [gop-lsp]Checking request for "shutdown": 
2023/03/31 15:04:55 logger.go:56: [gop-lsp]Shutdown
2023/03/31 15:04:55 server.go:250: [gop-lsp]Completed 1 requests [3.412175ms elapsed]
2023/03/31 15:04:55 server.go:511: [gop-lsp]Server signaled to stop with err=EOF
2023/03/31 15:04:55 server.go:145: [gop-lsp]Reading next request: EOF
2023/03/31 15:04:55 logger.go:56: [gop-lsp]Server exited return
2023/03/31 15:05:08 logger.go:56: [gop-lsp]local stat running ....
2023/03/31 15:05:08 logger.go:56: [gop-lsp]Server started ....
2023/03/31 15:05:08 server.go:585: [gop-lsp]Received 1 new requests
2023/03/31 15:05:08 server.go:174: [gop-lsp]Processing 1 requests
2023/03/31 15:05:08 server.go:269: [gop-lsp]Checking request for "initialize": {"processId":111322,"clientInfo":{"name":"Visual Studio Code","version":"1.76.1"},"locale":"zh-cn","rootPath":"/data/work/gop-lsp","rootUri":"file:///data/work/gop-lsp","capabilities":{"workspace":{"applyEdit":true,"workspaceEdit":{"documentChanges":true,"resourceOperations":["create","rename","delete"],"failureHandling":"textOnlyTransactional","normalizesLineEndings":true,"changeAnnotationSupport":{"groupsOnLabel":true}},"didChangeConfiguration":{"dynamicRegistration":true},"didChangeWatchedFiles":{"dynamicRegistration":true},"symbol":{"dynamicRegistration":true,"symbolKind":{"valueSet":[1,2,3,4,5,6,7,8,9,10,11,12,13,14,15,16,17,18,19,20,21,22,23,24,25,26]},"tagSupport":{"valueSet":[1]}},"codeLens":{"refreshSupport":true},"executeCommand":{"dynamicRegistration":true},"configuration":true,"workspaceFolders":true,"semanticTokens":{"refreshSupport":true},"fileOperations":{"dynamicRegistration":true,"didCreate":true,"didRename":true,"didDelete":true,"willCreate":true,"willRename":true,"willDelete":true}},"textDocument":{"publishDiagnostics":{"relatedInformation":true,"versionSupport":false,"tagSupport":{"valueSet":[1,2]},"codeDescriptionSupport":true,"dataSupport":true},"synchronization":{"dynamicRegistration":true,"willSave":true,"willSaveWaitUntil":true,"didSave":true},"completion":{"dynamicRegistration":true,"contextSupport":true,"completionItem":{"snippetSupport":true,"commitCharactersSupport":true,"documentationFormat":["markdown","plaintext"],"deprecatedSupport":true,"preselectSupport":true,"tagSupport":{"valueSet":[1]},"insertReplaceSupport":true,"resolveSupport":{"properties":["documentation","detail","additionalTextEdits"]},"insertTextModeSupport":{"valueSet":[1,2]}},"completionItemKind":{"valueSet":[1,2,3,4,5,6,7,8,9,10,11,12,13,14,15,16,17,18,19,20,21,22,23,24,25]}},"hover":{"dynamicRegistration":true,"contentFormat":["markdown","plaintext"]},"signatureHelp":{"dynamicRegistration":true,"signatureInformation":{"documentationFormat":["markdown","plaintext"],"parameterInformation":{"labelOffsetSupport":true},"activeParameterSupport":true},"contextSupport":true},"definition":{"dynamicRegistration":true,"linkSupport":true},"references":{"dynamicRegistration":true},"documentHighlight":{"dynamicRegistration":true},"documentSymbol":{"dynamicRegistration":true,"symbolKind":{"valueSet":[1,2,3,4,5,6,7,8,9,10,11,12,13,14,15,16,17,18,19,20,21,22,23,24,25,26]},"hierarchicalDocumentSymbolSupport":true,"tagSupport":{"valueSet":[1]},"labelSupport":true},"codeAction":{"dynamicRegistration":true,"isPreferredSupport":true,"disabledSupport":true,"dataSupport":true,"resolveSupport":{"properties":["edit"]},"codeActionLiteralSupport":{"codeActionKind":{"valueSet":["","quickfix","refactor","refactor.extract","refactor.inline","refactor.rewrite","source","source.organizeImports"]}},"honorsChangeAnnotations":false},"codeLens":{"dynamicRegistration":true},"formatting":{"dynamicRegistration":true},"rangeFormatting":{"dynamicRegistration":true},"onTypeFormatting":{"dynamicRegistration":true},"rename":{"dynamicRegistration":true,"prepareSupport":true,"prepareSupportDefaultBehavior":1,"honorsChangeAnnotations":true},"documentLink":{"dynamicRegistration":true,"tooltipSupport":true},"typeDefinition":{"dynamicRegistration":true,"linkSupport":true},"implementation":{"dynamicRegistration":true,"linkSupport":true},"colorProvider":{"dynamicRegistration":true},"foldingRange":{"dynamicRegistration":true,"rangeLimit":5000,"lineFoldingOnly":true},"declaration":{"dynamicRegistration":true,"linkSupport":true},"selectionRange":{"dynamicRegistration":true},"callHierarchy":{"dynamicRegistration":true},"semanticTokens":{"dynamicRegistration":true,"tokenTypes":["namespace","type","class","enum","interface","struct","typeParameter","parameter","variable","property","enumMember","event","function","method","macro","keyword","modifier","comment","string","number","regexp","operator"],"tokenModifiers":["declaration","definition","readonly","static","deprecated","abstract","async","modification","documentation","defaultLibrary"],"formats":["relative"],"requests":{"range":true,"full":{"delta":true}},"multilineTokenSupport":false,"overlappingTokenSupport":false},"linkedEditingRange":{"dynamicRegistration":true}},"window":{"showMessage":{"messageActionItem":{"additionalPropertiesSupport":true}},"showDocument":{"support":true},"workDoneProgress":true},"general":{"regularExpressions":{"engine":"ECMAScript","version":"ES2020"},"markdown":{"parser":"marked","version":"1.1.0"}}},"trace":"off","workspaceFolders":[{"uri":"file:///data/work/gop-lsp","name":"gop-lsp"}]}
2023/03/31 15:05:08 logger.go:56: [gop-lsp]test init
2023/03/31 15:05:08 server.go:250: [gop-lsp]Completed 1 requests [4.363831ms elapsed]
2023/03/31 15:05:09 server.go:585: [gop-lsp]Received 1 new requests
2023/03/31 15:05:09 server.go:174: [gop-lsp]Processing 1 requests
2023/03/31 15:05:09 server.go:269: [gop-lsp]Checking request for "initialized": {}
2023/03/31 15:05:09 logger.go:56: [gop-lsp]Initialized
2023/03/31 15:05:09 server.go:585: [gop-lsp]Received 1 new requests
2023/03/31 15:05:09 server.go:174: [gop-lsp]Processing 1 requests
2023/03/31 15:05:09 server.go:269: [gop-lsp]Checking request for "$/setTrace": {"value":"off"}
2023/03/31 15:05:09 server.go:301: [gop-lsp]Task error: [-32601] no such method "$/setTrace"
2023/03/31 15:05:09 server.go:585: [gop-lsp]Received 1 new requests
2023/03/31 15:05:09 server.go:174: [gop-lsp]Processing 1 requests
2023/03/31 15:05:09 server.go:269: [gop-lsp]Checking request for "$/setTrace": {"value":"off"}
2023/03/31 15:05:09 server.go:301: [gop-lsp]Task error: [-32601] no such method "$/setTrace"
2023/03/31 15:05:09 server.go:585: [gop-lsp]Received 1 new requests
2023/03/31 15:05:09 server.go:174: [gop-lsp]Processing 1 requests
2023/03/31 15:05:09 server.go:269: [gop-lsp]Checking request for "$/setTrace": {"value":"off"}
2023/03/31 15:05:09 server.go:301: [gop-lsp]Task error: [-32601] no such method "$/setTrace"
2023/03/31 15:05:36 server.go:585: [gop-lsp]Received 1 new requests
2023/03/31 15:05:36 server.go:174: [gop-lsp]Processing 1 requests
2023/03/31 15:05:36 server.go:269: [gop-lsp]Checking request for "textDocument/didOpen": {"textDocument":{"uri":"file:///data/work/gop-lsp/testdata/project/tst.gop","languageId":"gop","version":1,"text":""}}
2023/03/31 15:05:36 logger.go:56: [gop-lsp]Open
2023/03/31 15:05:36 server.go:585: [gop-lsp]Received 1 new requests
2023/03/31 15:05:36 server.go:174: [gop-lsp]Processing 1 requests
2023/03/31 15:05:36 server.go:269: [gop-lsp]Checking request for "textDocument/documentLink": {"textDocument":{"uri":"file:///data/work/gop-lsp/testdata/project/tst.gop"}}
2023/03/31 15:05:36 server.go:301: [gop-lsp]Task error: [-32601] no such method "textDocument/documentLink"
2023/03/31 15:05:36 server.go:250: [gop-lsp]Completed 1 requests [40.115µs elapsed]
2023/03/31 15:05:36 server.go:585: [gop-lsp]Received 1 new requests
2023/03/31 15:05:36 server.go:174: [gop-lsp]Processing 1 requests
2023/03/31 15:05:36 server.go:269: [gop-lsp]Checking request for "textDocument/codeLens": {"textDocument":{"uri":"file:///data/work/gop-lsp/testdata/project/tst.gop"}}
2023/03/31 15:05:36 server.go:301: [gop-lsp]Task error: [-32601] no such method "textDocument/codeLens"
2023/03/31 15:05:36 server.go:250: [gop-lsp]Completed 1 requests [297.008µs elapsed]
2023/03/31 15:05:41 server.go:585: [gop-lsp]Received 1 new requests
2023/03/31 15:05:41 server.go:174: [gop-lsp]Processing 1 requests
2023/03/31 15:05:41 server.go:269: [gop-lsp]Checking request for "textDocument/didClose": {"textDocument":{"uri":"file:///data/work/gop-lsp/testdata/project/tst.gop"}}
2023/03/31 15:06:10 server.go:585: [gop-lsp]Received 1 new requests
2023/03/31 15:06:10 server.go:174: [gop-lsp]Processing 1 requests
2023/03/31 15:06:10 server.go:269: [gop-lsp]Checking request for "textDocument/didOpen": {"textDocument":{"uri":"file:///data/work/gop-lsp/testdata/project/tst.gop","languageId":"gop","version":1,"text":""}}
2023/03/31 15:06:10 logger.go:56: [gop-lsp]Open
2023/03/31 15:06:10 server.go:585: [gop-lsp]Received 1 new requests
2023/03/31 15:06:10 server.go:174: [gop-lsp]Processing 1 requests
2023/03/31 15:06:10 server.go:269: [gop-lsp]Checking request for "textDocument/documentLink": {"textDocument":{"uri":"file:///data/work/gop-lsp/testdata/project/tst.gop"}}
2023/03/31 15:06:10 server.go:301: [gop-lsp]Task error: [-32601] no such method "textDocument/documentLink"
2023/03/31 15:06:10 server.go:250: [gop-lsp]Completed 1 requests [27.006µs elapsed]
2023/03/31 15:06:10 server.go:585: [gop-lsp]Received 1 new requests
2023/03/31 15:06:10 server.go:174: [gop-lsp]Processing 1 requests
2023/03/31 15:06:10 server.go:269: [gop-lsp]Checking request for "textDocument/codeLens": {"textDocument":{"uri":"file:///data/work/gop-lsp/testdata/project/tst.gop"}}
2023/03/31 15:06:10 server.go:301: [gop-lsp]Task error: [-32601] no such method "textDocument/codeLens"
2023/03/31 15:06:10 server.go:250: [gop-lsp]Completed 1 requests [33.185µs elapsed]
2023/03/31 15:06:12 server.go:585: [gop-lsp]Received 1 new requests
2023/03/31 15:06:12 server.go:174: [gop-lsp]Processing 1 requests
2023/03/31 15:06:12 server.go:269: [gop-lsp]Checking request for "textDocument/didClose": {"textDocument":{"uri":"file:///data/work/gop-lsp/testdata/project/tst.gop"}}
2023/04/03 09:59:24 server.go:585: [gop-lsp]Received 1 new requests
2023/04/03 09:59:24 server.go:174: [gop-lsp]Processing 1 requests
2023/04/03 09:59:24 server.go:269: [gop-lsp]Checking request for "$/setTrace": {"value":"off"}
2023/04/03 09:59:24 server.go:301: [gop-lsp]Task error: [-32601] no such method "$/setTrace"
2023/04/03 09:59:27 server.go:585: [gop-lsp]Received 1 new requests
2023/04/03 09:59:27 server.go:174: [gop-lsp]Processing 1 requests
2023/04/03 09:59:27 server.go:269: [gop-lsp]Checking request for "$/setTrace": {"value":"off"}
2023/04/03 09:59:27 server.go:301: [gop-lsp]Task error: [-32601] no such method "$/setTrace"
2023/04/03 10:00:33 server.go:585: [gop-lsp]Received 1 new requests
2023/04/03 10:00:33 server.go:174: [gop-lsp]Processing 1 requests
2023/04/03 10:00:33 server.go:269: [gop-lsp]Checking request for "$/setTrace": {"value":"off"}
2023/04/03 10:00:33 server.go:301: [gop-lsp]Task error: [-32601] no such method "$/setTrace"
2023/04/03 10:00:46 server.go:585: [gop-lsp]Received 1 new requests
2023/04/03 10:00:46 server.go:174: [gop-lsp]Processing 1 requests
2023/04/03 10:00:46 server.go:269: [gop-lsp]Checking request for "$/setTrace": {"value":"off"}
2023/04/03 10:00:46 server.go:301: [gop-lsp]Task error: [-32601] no such method "$/setTrace"
2023/04/03 10:01:04 server.go:585: [gop-lsp]Received 1 new requests
2023/04/03 10:01:04 server.go:174: [gop-lsp]Processing 1 requests
2023/04/03 10:01:04 server.go:269: [gop-lsp]Checking request for "shutdown": 
2023/04/03 10:01:04 logger.go:56: [gop-lsp]Shutdown
2023/04/03 10:01:04 server.go:250: [gop-lsp]Completed 1 requests [3.628532ms elapsed]
2023/04/03 10:01:04 server.go:511: [gop-lsp]Server signaled to stop with err=EOF
2023/04/03 10:01:04 server.go:145: [gop-lsp]Reading next request: EOF
2023/04/03 10:01:04 logger.go:56: [gop-lsp]Server exited return
